Build started 5/25/2017 1:10:17 PM.
     1>Project "C:\Users\sk430\Documents\Visual Studio 2012\Projects\Concat-Convert\Concat-Convert\Concat-Convert.vcxproj" on node 2 (Build target(s)).
     1>ClCompile:
         C:\Program Files\Microsoft Visual Studio 11.0\VC\bin\CL.exe /c /I"C:\Users\sk430\Documents\BIOPAC Systems, Inc\BIOPAC File API 3.2" /Zi /nologo /W3 /WX- /sdl /O2 /Oi /Oy- /GL /D WIN32 /D NDEBUG /D _CONSOLE /D _UNICODE /D UNICODE /Gm- /EHsc /MD /GS /Gy /fp:precise /Zc:wchar_t /Zc:forScope /Fo"Release\\" /Fd"Release\vc110.pdb" /Gd /TP /wd4996 /analyze- /errorReport:prompt Source.cpp
         Source.cpp
     1>Source.cpp(153): warning C4172: returning address of local variable or temporary
     1>Source.cpp(258): warning C4018: '<' : signed/unsigned mismatch
     1>Source.cpp(274): warning C4018: '<' : signed/unsigned mismatch
     1>Source.cpp(322): warning C4018: '<' : signed/unsigned mismatch
     1>Source.cpp(335): warning C4018: '<' : signed/unsigned mismatch
     1>Source.cpp(422): warning C4018: '<' : signed/unsigned mismatch
     1>Source.cpp(551): warning C4018: '<' : signed/unsigned mismatch
     1>Source.cpp(559): warning C4244: '=' : conversion from 'double' to 'int32_t', possible loss of data
     1>Source.cpp(608): warning C4018: '<' : signed/unsigned mismatch
     1>Source.cpp(532): warning C4101: 'fname_animal_w' : unreferenced local variable
     1>Source.cpp(636): warning C4018: '<' : signed/unsigned mismatch
     1>Source.cpp(642): warning C4244: '=' : conversion from 'double' to 'int32_t', possible loss of data
     1>Source.cpp(672): warning C4018: '<' : signed/unsigned mismatch
     1>Source.cpp(771): warning C4101: 'dataStart' : unreferenced local variable
     1>Source.cpp(878): warning C4244: 'initializing' : conversion from 'double' to 'uint16_t', possible loss of data
     1>Source.cpp(879): warning C4244: 'initializing' : conversion from 'double' to 'uint16_t', possible loss of data
     1>Source.cpp(922): warning C4172: returning address of local variable or temporary
     1>Source.cpp(1135): warning C4018: '<' : signed/unsigned mismatch
     1>Source.cpp(1148): warning C4018: '<' : signed/unsigned mismatch
     1>Source.cpp(1159): warning C4018: '<' : signed/unsigned mismatch
     1>Source.cpp(1179): warning C4018: '<' : signed/unsigned mismatch
     1>Source.cpp(1257): warning C4018: '<' : signed/unsigned mismatch
     1>Source.cpp(1264): warning C4018: '<' : signed/unsigned mismatch
     1>Source.cpp(1302): warning C4244: 'initializing' : conversion from 'uint64_t' to 'long', possible loss of data
     1>Source.cpp(1315): warning C4018: '<' : signed/unsigned mismatch
     1>Source.cpp(957): warning C4101: 'fname_w' : unreferenced local variable
       Link:
         C:\Program Files\Microsoft Visual Studio 11.0\VC\bin\link.exe /ERRORREPORT:PROMPT /OUT:"C:\Users\sk430\Documents\Visual Studio 2012\Projects\Concat-Convert\Release\Concat-Convert.exe" /INCREMENTAL:NO /NOLOGO /LIBPATH:"C:\Users\sk430\Documents\BIOPAC Systems, Inc\BIOPAC File API 3.2" acqfile.lib kernel32.lib user32.lib gdi32.lib winspool.lib comdlg32.lib advapi32.lib shell32.lib ole32.lib oleaut32.lib uuid.lib odbc32.lib odbccp32.lib kernel32.lib user32.lib gdi32.lib winspool.lib comdlg32.lib advapi32.lib shell32.lib ole32.lib oleaut32.lib uuid.lib odbc32.lib odbccp32.lib /MANIFEST /MANIFESTUAC:"level='asInvoker' uiAccess='false'" /manifest:embed /DEBUG /PDB:"C:\Users\sk430\Documents\Visual Studio 2012\Projects\Concat-Convert\Release\Concat-Convert.pdb" /SUBSYSTEM:CONSOLE /OPT:REF /OPT:ICF /LTCG /TLBID:1 /DYNAMICBASE /NXCOMPAT /IMPLIB:"C:\Users\sk430\Documents\Visual Studio 2012\Projects\Concat-Convert\Release\Concat-Convert.lib" /MACHINE:X86 /SAFESEH Release\Source.obj
         Generating code
         Finished generating code
         Concat-Convert.vcxproj -> C:\Users\sk430\Documents\Visual Studio 2012\Projects\Concat-Convert\Release\Concat-Convert.exe
     1>Done Building Project "C:\Users\sk430\Documents\Visual Studio 2012\Projects\Concat-Convert\Concat-Convert\Concat-Convert.vcxproj" (Build target(s)).

Build succeeded.

Time Elapsed 00:00:05.82
